<?xml version="1.0" encoding="UTF-8"?>
<!-- Generated by org.testng.reporters.JUnitReportReporter -->
<testsuite hostname="LT246" failures="0" tests="1" name="com.essen.testCases.TC_LoginTest_001" time="10.965" errors="0" timestamp="2022-03-29T11:08:27 IST" skipped="0">
  <testcase classname="com.essen.testCases.TC_LoginTest_001" name="logintest1" time="10.965"/>
  <system-out/>
</testsuite> <!-- com.essen.testCases.TC_LoginTest_001 -->
