<?xml version="1.0" encoding="UTF-8"?>
<!-- Generated by org.testng.reporters.JUnitReportReporter -->
<testsuite hostname="LT246" failures="0" tests="1" name="com.essen.testCases.TC_UserTest_003" time="12.801" errors="0" timestamp="2022-04-06T21:54:05 IST" skipped="0">
  <testcase classname="com.essen.testCases.TC_UserTest_003" name="UserTest" time="12.801"/>
  <system-out/>
</testsuite> <!-- com.essen.testCases.TC_UserTest_003 -->
