<?xml version="1.0" encoding="UTF-8"?>
<!-- Generated by org.testng.reporters.JUnitReportReporter -->
<testsuite hostname="LT246" failures="0" tests="7" name="com.essen.testCases.TC_PageChecker_005" time="77.976" errors="0" timestamp="2022-06-10T13:54:35 IST" skipped="0">
  <testcase classname="com.essen.testCases.TC_PageChecker_005" name="Homepagechecker" time="9.379"/>
  <system-out/>
  <testcase classname="com.essen.testCases.TC_PageChecker_005" name="myworklistpagechecker" time="0.929"/>
  <system-out/>
  <testcase classname="com.essen.testCases.TC_PageChecker_005" name="medicalopenenrollpagechecker" time="12.553"/>
  <system-out/>
  <testcase classname="com.essen.testCases.TC_PageChecker_005" name="consent_DCEAllPatients" time="13.854"/>
  <system-out/>
  <testcase classname="com.essen.testCases.TC_PageChecker_005" name="HH_EligiblePatients" time="12.985"/>
  <system-out/>
  <testcase classname="com.essen.testCases.TC_PageChecker_005" name="RhioConsent" time="14.744"/>
  <system-out/>
  <testcase classname="com.essen.testCases.TC_PageChecker_005" name="CCMAllPatients" time="13.532"/>
  <system-out/>
</testsuite> <!-- com.essen.testCases.TC_PageChecker_005 -->
