<?xml version="1.0" encoding="UTF-8"?>
<!-- Generated by org.testng.reporters.JUnitReportReporter -->
<testsuite hostname="LT246" failures="0" tests="1" name="com.essen.testCases.TC_SSRSChecker" time="28.133" errors="0" timestamp="2022-06-30T11:54:18 IST" skipped="0">
  <testcase classname="com.essen.testCases.TC_SSRSChecker" name="SSRSReportChecker" time="28.133"/>
  <system-out/>
</testsuite> <!-- com.essen.testCases.TC_SSRSChecker -->
