<?xml version="1.0" encoding="UTF-8"?>
<!-- Generated by org.testng.reporters.JUnitReportReporter -->
<testsuite hostname="LT246" failures="0" tests="1" name="com.essen.testCases.TC_TOCHospitalization_004" time="41.545" errors="0" timestamp="2022-03-22T16:50:45 IST" skipped="0">
  <testcase classname="com.essen.testCases.TC_TOCHospitalization_004" name="TOCTest" time="41.545"/>
  <system-out/>
</testsuite> <!-- com.essen.testCases.TC_TOCHospitalization_004 -->
