<?xml version="1.0" encoding="UTF-8"?>
<!-- Generated by org.testng.reporters.JUnitReportReporter -->
<testsuite hostname="LT246" failures="0" tests="7" name="com.essen.testCases.TC_PageChecker_005" time="65.685" errors="0" timestamp="2022-05-10T15:18:51 IST" skipped="0">
  <testcase classname="com.essen.testCases.TC_PageChecker_005" name="Homepagechecker" time="0.084"/>
  <system-out/>
  <testcase classname="com.essen.testCases.TC_PageChecker_005" name="myworklistpagechecker" time="1.141"/>
  <system-out/>
  <testcase classname="com.essen.testCases.TC_PageChecker_005" name="medicalopenenrollpagechecker" time="12.341"/>
  <system-out/>
  <testcase classname="com.essen.testCases.TC_PageChecker_005" name="consent_DCEAllPatients" time="12.889"/>
  <system-out/>
  <testcase classname="com.essen.testCases.TC_PageChecker_005" name="HH_EligiblePatients" time="12.170"/>
  <system-out/>
  <testcase classname="com.essen.testCases.TC_PageChecker_005" name="RhioConsent" time="14.106"/>
  <system-out/>
  <testcase classname="com.essen.testCases.TC_PageChecker_005" name="CCMAllPatients" time="12.954"/>
  <system-out/>
</testsuite> <!-- com.essen.testCases.TC_PageChecker_005 -->
