<?xml version="1.0" encoding="UTF-8"?>
<!-- Generated by org.testng.reporters.JUnitReportReporter -->
<testsuite hostname="LT246" failures="0" tests="7" name="com.essen.testCases.TC_PageChecker_005" time="62.654" errors="0" timestamp="2022-05-20T23:21:25 IST" skipped="0">
  <testcase classname="com.essen.testCases.TC_PageChecker_005" name="Homepagechecker" time="2.346"/>
  <system-out/>
  <testcase classname="com.essen.testCases.TC_PageChecker_005" name="myworklistpagechecker" time="1.369"/>
  <system-out/>
  <testcase classname="com.essen.testCases.TC_PageChecker_005" name="medicalopenenrollpagechecker" time="13.831"/>
  <system-out/>
  <testcase classname="com.essen.testCases.TC_PageChecker_005" name="consent_DCEAllPatients" time="3.400"/>
  <system-out/>
  <testcase classname="com.essen.testCases.TC_PageChecker_005" name="HH_EligiblePatients" time="12.984"/>
  <system-out/>
  <testcase classname="com.essen.testCases.TC_PageChecker_005" name="RhioConsent" time="14.724"/>
  <system-out/>
  <testcase classname="com.essen.testCases.TC_PageChecker_005" name="CCMAllPatients" time="14.000"/>
  <system-out/>
</testsuite> <!-- com.essen.testCases.TC_PageChecker_005 -->
