<?xml version="1.0" encoding="UTF-8"?>
<!-- Generated by org.testng.reporters.JUnitReportReporter -->
<testsuite hostname="LT246" failures="0" tests="1" name="com.essen.testCases.TC_TOCHospitalization_004" time="27.394" errors="0" timestamp="2022-05-19T13:11:32 IST" skipped="0">
  <testcase classname="com.essen.testCases.TC_TOCHospitalization_004" name="TOCTest" time="27.394"/>
  <system-out/>
</testsuite> <!-- com.essen.testCases.TC_TOCHospitalization_004 -->
