<?xml version="1.0" encoding="UTF-8"?>
<!-- Generated by org.testng.reporters.JUnitReportReporter -->
<testsuite hostname="LT246" failures="0" tests="1" name="com.essen.testCases.TC_PowerBIChecker" time="36.298" errors="0" timestamp="2022-06-16T13:28:29 IST" skipped="0">
  <testcase classname="com.essen.testCases.TC_PowerBIChecker" name="CCMDashboard" time="36.298"/>
  <system-out/>
</testsuite> <!-- com.essen.testCases.TC_PowerBIChecker -->
