<?xml version="1.0" encoding="UTF-8"?>
<!-- Generated by org.testng.reporters.JUnitReportReporter -->
<testsuite hostname="LT246" failures="0" tests="1" name="com.essen.testCases.TC_UserTest_003" time="11.185" errors="0" timestamp="2022-03-11T13:07:31 IST" skipped="0">
  <testcase classname="com.essen.testCases.TC_UserTest_003" name="UserTest" time="11.185"/>
  <system-out/>
</testsuite> <!-- com.essen.testCases.TC_UserTest_003 -->
