<?xml version="1.0" encoding="UTF-8"?>
<!-- Generated by org.testng.reporters.JUnitReportReporter -->
<testsuite hostname="LT246" failures="0" tests="3" name="com.essen.testCases.TC_PageChecker_005" time="5.303" errors="0" timestamp="2022-03-19T11:46:22 IST" skipped="0">
  <testcase classname="com.essen.testCases.TC_PageChecker_005" name="Homepagechecker" time="2.429"/>
  <system-out/>
  <testcase classname="com.essen.testCases.TC_PageChecker_005" name="myworklistpagechecker" time="1.735"/>
  <system-out/>
  <testcase classname="com.essen.testCases.TC_PageChecker_005" name="medicalopenenrollpagechecker" time="1.139"/>
  <system-out/>
</testsuite> <!-- com.essen.testCases.TC_PageChecker_005 -->
